0 info it worked if it ends with ok
1 verbose cli [ '/Users/michaellowe/.nvm/v6.11.2/bin/node',
1 verbose cli   '/Users/michaellowe/.nvm/v6.11.2/bin/npm',
1 verbose cli   'start' ]
2 info using npm@3.10.10
3 info using node@v6.11.2
4 verbose run-script [ 'prestart', 'start', 'poststart' ]
5 info lifecycle static-webpack-starter@1.0.0~prestart: static-webpack-starter@1.0.0
6 silly lifecycle static-webpack-starter@1.0.0~prestart: no script for prestart, continuing
7 info lifecycle static-webpack-starter@1.0.0~start: static-webpack-starter@1.0.0
8 verbose lifecycle static-webpack-starter@1.0.0~start: unsafe-perm in lifecycle true
9 verbose lifecycle static-webpack-starter@1.0.0~start: PATH: /Users/michaellowe/.nvm/v6.11.2/lib/node_modules/npm/bin/node-gyp-bin:/Users/michaellowe/DEV-workspace/cali-miramar/node_modules/.bin:/Users/michaellowe/.nvm/v6.11.2/bin:/usr/local/bin:/usr/bin:/bin:/usr/sbin:/sbin
10 verbose lifecycle static-webpack-starter@1.0.0~start: CWD: /Users/michaellowe/DEV-workspace/cali-miramar
11 silly lifecycle static-webpack-starter@1.0.0~start: Args: [ '-c', 'webpack-dev-server' ]
12 silly lifecycle static-webpack-starter@1.0.0~start: Returned: code: 1  signal: null
13 info lifecycle static-webpack-starter@1.0.0~start: Failed to exec start script
14 verbose stack Error: static-webpack-starter@1.0.0 start: `webpack-dev-server`
14 verbose stack Exit status 1
14 verbose stack     at EventEmitter.<anonymous> (/Users/michaellowe/.nvm/v6.11.2/lib/node_modules/npm/lib/utils/lifecycle.js:255:16)
14 verbose stack     at emitTwo (events.js:106:13)
14 verbose stack     at EventEmitter.emit (events.js:191:7)
14 verbose stack     at ChildProcess.<anonymous> (/Users/michaellowe/.nvm/v6.11.2/lib/node_modules/npm/lib/utils/spawn.js:40:14)
14 verbose stack     at emitTwo (events.js:106:13)
14 verbose stack     at ChildProcess.emit (events.js:191:7)
14 verbose stack     at maybeClose (internal/child_process.js:891:16)
14 verbose stack     at Process.ChildProcess._handle.onexit (internal/child_process.js:226:5)
15 verbose pkgid static-webpack-starter@1.0.0
16 verbose cwd /Users/michaellowe/DEV-workspace/cali-miramar
17 error Darwin 17.3.0
18 error argv "/Users/michaellowe/.nvm/v6.11.2/bin/node" "/Users/michaellowe/.nvm/v6.11.2/bin/npm" "start"
19 error node v6.11.2
20 error npm  v3.10.10
21 error code ELIFECYCLE
22 error static-webpack-starter@1.0.0 start: `webpack-dev-server`
22 error Exit status 1
23 error Failed at the static-webpack-starter@1.0.0 start script 'webpack-dev-server'.
23 error Make sure you have the latest version of node.js and npm installed.
23 error If you do, this is most likely a problem with the static-webpack-starter package,
23 error not with npm itself.
23 error Tell the author that this fails on your system:
23 error     webpack-dev-server
23 error You can get information on how to open an issue for this project with:
23 error     npm bugs static-webpack-starter
23 error Or if that isn't available, you can get their info via:
23 error     npm owner ls static-webpack-starter
23 error There is likely additional logging output above.
24 verbose exit [ 1, true ]
